[23:21:45] [main/INFO]: Loading Minecraft 1.21.1 with Fabric Loader 0.16.3
[23:21:45] [main/INFO]: Loading 4 mods:
	- fabricloader 0.16.3
	   \-- mixinextras 0.4.1
	- java 21
	- minecraft 1.21.1
[23:21:46] [main/INFO]: SpongePowered MIXIN Subsystem Version=0.8.7 Source=file:/workspaces/maincra/servidor_minecraft/libraries/net/fabricmc/sponge-mixin/0.15.2+mixin.0.8.7/sponge-mixin-0.15.2+mixin.0.8.7.jar Service=Knot/Fabric Env=SERVER
[23:21:55] [main/INFO]: Environment: Environment[sessionHost=https://sessionserver.mojang.com, servicesHost=https://api.minecraftservices.com, name=PROD]
[23:21:57] [main/INFO]: No existing world data, creating new world
[23:21:58] [main/INFO]: Loaded 1290 recipes
[23:21:59] [main/INFO]: Loaded 1399 advancements
[23:21:59] [Server thread/INFO]: Starting minecraft server version 1.21.1
[23:21:59] [Server thread/INFO]: Loading properties
[23:21:59] [Server thread/INFO]: Default game type: SURVIVAL
[23:21:59] [Server thread/INFO]: Generating keypair
[23:21:59] [Server thread/INFO]: Starting Minecraft server on *:25565
[23:22:00] [Server thread/INFO]: Using epoll channel type
[23:22:00] [Server thread/WARN]: **** SERVER IS RUNNING IN OFFLINE/INSECURE MODE!
[23:22:00] [Server thread/WARN]: The server will make no attempt to authenticate usernames. Beware.
[23:22:00] [Server thread/WARN]: While this makes the game possible to play without internet access, it also opens up the ability for hackers to connect with any username they choose.
[23:22:00] [Server thread/WARN]: To change this, set "online-mode" to "true" in the server.properties file.
[23:22:00] [Server thread/INFO]: Preparing level "world"
[23:22:14] [Server thread/INFO]: Preparing start region for dimension minecraft:overworld
[23:22:14] [Worker-Main-1/INFO]: Preparing spawn area: 2%
[23:22:15] [Worker-Main-1/INFO]: Preparing spawn area: 2%
[23:22:15] [Worker-Main-1/INFO]: Preparing spawn area: 2%
[23:22:16] [Worker-Main-1/INFO]: Preparing spawn area: 2%
[23:22:16] [Worker-Main-1/INFO]: Preparing spawn area: 2%
[23:22:17] [Worker-Main-1/INFO]: Preparing spawn area: 2%
[23:22:17] [Worker-Main-1/INFO]: Preparing spawn area: 2%
[23:22:18] [Worker-Main-1/INFO]: Preparing spawn area: 2%
[23:22:18] [Worker-Main-1/INFO]: Preparing spawn area: 2%
[23:22:19] [Worker-Main-1/INFO]: Preparing spawn area: 2%
[23:22:19] [Worker-Main-1/INFO]: Preparing spawn area: 2%
[23:22:20] [Worker-Main-1/INFO]: Preparing spawn area: 2%
[23:22:20] [Worker-Main-1/INFO]: Preparing spawn area: 2%
[23:22:21] [Worker-Main-1/INFO]: Preparing spawn area: 2%
[23:22:22] [Worker-Main-1/INFO]: Preparing spawn area: 2%
[23:22:22] [Worker-Main-1/INFO]: Preparing spawn area: 2%
[23:22:22] [Worker-Main-1/INFO]: Preparing spawn area: 2%
[23:22:23] [Worker-Main-1/INFO]: Preparing spawn area: 2%
[23:22:23] [Worker-Main-1/INFO]: Preparing spawn area: 2%
[23:22:24] [Worker-Main-1/INFO]: Preparing spawn area: 2%
[23:22:24] [Worker-Main-1/INFO]: Preparing spawn area: 2%
[23:22:25] [Worker-Main-1/INFO]: Preparing spawn area: 2%
[23:22:25] [Worker-Main-1/INFO]: Preparing spawn area: 46%
[23:22:25] [Server thread/INFO]: Time elapsed: 11368 ms
[23:22:25] [Server thread/INFO]: Done (25.774s)! For help, type "help"
